MyMusic/app/build/intermediates/manifest_merge_blame_file/debug/manifest-merger-blame-debug-report.txt
1<?xml version="1.0" encoding="utf-8"?>
2<manifest xmlns:android="http://schemas.android.com/apk/res/android"
3    package="com.example.mymusic"
4    android:versionCode="1"
5    android:versionName="1.0" >
6
7    <uses-sdk
8        android:minSdkVersion="23"
8-->src\main\AndroidManifest.xml
9        android:targetSdkVersion="30" />
9-->src\main\AndroidManifest.xml
10
11    <uses-permission android:name="android.permission.READ_EXTERNAL_STORAGE" />
11-->src\main\AndroidManifest.xml:5:5-80
11-->src\main\AndroidManifest.xml:5:22-77
12
13    <application
13-->src\main\AndroidManifest.xml:7:5-33:19
14        android:allowBackup="true"
14-->src\main\AndroidManifest.xml:8:9-35
15        android:appComponentFactory="androidx.core.app.CoreComponentFactory"
15-->[androidx.core:core:1.3.2] AndroidManifest.xml:24:18-86
16        android:debuggable="true"
17        android:extractNativeLibs="false"
18        android:icon="@mipmap/ic_launcher"
18-->src\main\AndroidManifest.xml:9:9-43
19        android:label="@string/app_name"
19-->src\main\AndroidManifest.xml:10:9-41
20        android:roundIcon="@mipmap/ic_launcher_round"
20-->src\main\AndroidManifest.xml:11:9-54
21        android:supportsRtl="true"
21-->src\main\AndroidManifest.xml:12:9-35
22        android:theme="@style/Theme.MyMusic" >
22-->src\main\AndroidManifest.xml:13:9-45
23        <activity android:name="com.example.mymusic.home.profileActivity" />
23-->src\main\AndroidManifest.xml:14:9-67
23-->src\main\AndroidManifest.xml:14:19-55
24        <activity android:name="com.example.mymusic.home.homeActivity" >
24-->src\main\AndroidManifest.xml:15:9-21:20
24-->src\main\AndroidManifest.xml:15:19-52
25            <intent-filter>
25-->src\main\AndroidManifest.xml:16:13-20:29
26                <action android:name="android.intent.action.MAIN" />
26-->src\main\AndroidManifest.xml:17:17-69
26-->src\main\AndroidManifest.xml:17:25-66
27
28                <category android:name="android.intent.category.LAUNCHER" />
28-->src\main\AndroidManifest.xml:19:17-77
28-->src\main\AndroidManifest.xml:19:27-74
29            </intent-filter>
30        </activity>
31        <activity android:name="com.example.mymusic.login.loginActivity" />
31-->src\main\AndroidManifest.xml:22:9-57
31-->src\main\AndroidManifest.xml:22:19-54
32        <activity android:name="com.example.mymusic.musicPlayer" />
32-->src\main\AndroidManifest.xml:23:9-49
32-->src\main\AndroidManifest.xml:23:19-46
33        <activity android:name="com.example.mymusic.MainActivity" >
33-->src\main\AndroidManifest.xml:24:9-32:20
33-->src\main\AndroidManifest.xml:24:19-47
34
35            <!-- <intent-filter> -->
36            <!-- <action android:name="android.intent.action.MAIN" /> -->
37
38
39            <!-- <category android:name="android.intent.category.LAUNCHER" /> -->
40            <!-- </intent-filter> -->
41        </activity>
42        <activity
42-->[com.karumi:dexter:6.2.1] AndroidManifest.xml:27:9-29:72
43            android:name="com.karumi.dexter.DexterActivity"
43-->[com.karumi:dexter:6.2.1] AndroidManifest.xml:28:13-60
44            android:theme="@style/Dexter.Internal.Theme.Transparent" />
44-->[com.karumi:dexter:6.2.1] AndroidManifest.xml:29:13-69
45    </application>
46
47</manifest>